# JRE version: Java(TM) SE Runtime Environment (8.0_191-b12) (build 1.8.0_191-b12)
# Java VM: Java HotSpot(TM) 64-Bit Server VM (25.191-b12 mixed mode windows-amd64 compressed oops)
Heap:
 PSYoungGen      total 76288K, used 5630K [0x000000076b200000, 0x0000000774700000, 0x00000007c0000000)
  eden space 65536K, 0% used [0x000000076b200000,0x000000076b200000,0x000000076f200000)
  from space 10752K, 52% used [0x000000076f200000,0x000000076f77fb50,0x000000076fc80000)
  to   space 10752K, 0% used [0x0000000773c80000,0x0000000773c80000,0x0000000774700000)
 ParOldGen       total 175104K, used 96K [0x00000006c1600000, 0x00000006cc100000, 0x000000076b200000)
  object space 175104K, 0% used [0x00000006c1600000,0x00000006c1618010,0x00000006cc100000)
 Metaspace       used 20572K, capacity 21274K, committed 21296K, reserved 1067008K
  class space    used 2764K, capacity 2933K, committed 2944K, reserved 1048576K
GC Heap History (7 events):
Event: 6.838 GC heap before
{Heap before GC invocations=1 (full 0):
 PSYoungGen      total 76288K, used 65536K [0x000000076b200000, 0x0000000770700000, 0x00000007c0000000)
  eden space 65536K, 100% used [0x000000076b200000,0x000000076f200000,0x000000076f200000)
  from space 10752K, 0% used [0x000000076fc80000,0x000000076fc80000,0x0000000770700000)
  to   space 10752K, 0% used [0x000000076f200000,0x000000076f200000,0x000000076fc80000)
 ParOldGen       total 175104K, used 0K [0x00000006c1600000, 0x00000006cc100000, 0x000000076b200000)
  object space 175104K, 0% used [0x00000006c1600000,0x00000006c1600000,0x00000006cc100000)
 Metaspace       used 15202K, capacity 15648K, committed 15872K, reserved 1062912K
  class space    used 1877K, capacity 1990K, committed 2048K, reserved 1048576K
Event: 6.851 GC heap after
Heap after GC invocations=1 (full 0):
 PSYoungGen      total 76288K, used 7517K [0x000000076b200000, 0x0000000770700000, 0x00000007c0000000)
  eden space 65536K, 0% used [0x000000076b200000,0x000000076b200000,0x000000076f200000)
  from space 10752K, 69% used [0x000000076f200000,0x000000076f957668,0x000000076fc80000)
  to   space 10752K, 0% used [0x000000076fc80000,0x000000076fc80000,0x0000000770700000)
 ParOldGen       total 175104K, used 80K [0x00000006c1600000, 0x00000006cc100000, 0x000000076b200000)
  object space 175104K, 0% used [0x00000006c1600000,0x00000006c1614010,0x00000006cc100000)
 Metaspace       used 15202K, capacity 15648K, committed 15872K, reserved 1062912K
  class space    used 1877K, capacity 1990K, committed 2048K, reserved 1048576K
}
Event: 8.013 GC heap before
{Heap before GC invocations=2 (full 0):
 PSYoungGen      total 76288K, used 73053K [0x000000076b200000, 0x0000000770700000, 0x00000007c0000000)
  eden space 65536K, 100% used [0x000000076b200000,0x000000076f200000,0x000000076f200000)
  from space 10752K, 69% used [0x000000076f200000,0x000000076f957668,0x000000076fc80000)
  to   space 10752K, 0% used [0x000000076fc80000,0x000000076fc80000,0x0000000770700000)
 ParOldGen       total 175104K, used 80K [0x00000006c1600000, 0x00000006cc100000, 0x000000076b200000)
  object space 175104K, 0% used [0x00000006c1600000,0x00000006c1614010,0x00000006cc100000)
 Metaspace       used 20447K, capacity 21202K, committed 21296K, reserved 1067008K
  class space    used 2754K, capacity 2931K, committed 2944K, reserved 1048576K
Event: 8.029 GC heap after
Heap after GC invocations=2 (full 0):
 PSYoungGen      total 76288K, used 9724K [0x000000076b200000, 0x0000000770700000, 0x00000007c0000000)
  eden space 65536K, 0% used [0x000000076b200000,0x000000076b200000,0x000000076f200000)
  from space 10752K, 90% used [0x000000076fc80000,0x00000007705ff010,0x0000000770700000)
  to   space 10752K, 0% used [0x000000076f200000,0x000000076f200000,0x000000076fc80000)
 ParOldGen       total 175104K, used 88K [0x00000006c1600000, 0x00000006cc100000, 0x000000076b200000)
  object space 175104K, 0% used [0x00000006c1600000,0x00000006c1616010,0x00000006cc100000)
 Metaspace       used 20447K, capacity 21202K, committed 21296K, reserved 1067008K
  class space    used 2754K, capacity 2931K, committed 2944K, reserved 1048576K
}
Event: 8.045 GC heap before
{Heap before GC invocations=3 (full 0):
 PSYoungGen      total 76288K, used 11463K [0x000000076b200000, 0x0000000770700000, 0x00000007c0000000)
  eden space 65536K, 2% used [0x000000076b200000,0x000000076b3b2d58,0x000000076f200000)
  from space 10752K, 90% used [0x000000076fc80000,0x00000007705ff010,0x0000000770700000)
  to   space 10752K, 0% used [0x000000076f200000,0x000000076f200000,0x000000076fc80000)
 ParOldGen       total 175104K, used 88K [0x00000006c1600000, 0x00000006cc100000, 0x000000076b200000)
  object space 175104K, 0% used [0x00000006c1600000,0x00000006c1616010,0x00000006cc100000)
 Metaspace       used 20572K, capacity 21274K, committed 21296K, reserved 1067008K
  class space    used 2764K, capacity 2933K, committed 2944K, reserved 1048576K
Event: 8.054 GC heap after
Heap after GC invocations=3 (full 0):
 PSYoungGen      total 76288K, used 5630K [0x000000076b200000, 0x0000000774700000, 0x00000007c0000000)
  eden space 65536K, 0% used [0x000000076b200000,0x000000076b200000,0x000000076f200000)
  from space 10752K, 52% used [0x000000076f200000,0x000000076f77fb50,0x000000076fc80000)
  to   space 10752K, 0% used [0x0000000773c80000,0x0000000773c80000,0x0000000774700000)
 ParOldGen       total 175104K, used 96K [0x00000006c1600000, 0x00000006cc100000, 0x000000076b200000)
  object space 175104K, 0% used [0x00000006c1600000,0x00000006c1618010,0x00000006cc100000)
 Metaspace       used 20572K, capacity 21274K, committed 21296K, reserved 1067008K
  class space    used 2764K, capacity 2933K, committed 2944K, reserved 1048576K
}
Event: 8.054 GC heap before
{Heap before GC invocations=4 (full 1):
 PSYoungGen      total 76288K, used 5630K [0x000000076b200000, 0x0000000774700000, 0x00000007c0000000)
  eden space 65536K, 0% used [0x000000076b200000,0x000000076b200000,0x000000076f200000)
  from space 10752K, 52% used [0x000000076f200000,0x000000076f77fb50,0x000000076fc80000)
  to   space 10752K, 0% used [0x0000000773c80000,0x0000000773c80000,0x0000000774700000)
 ParOldGen       total 175104K, used 96K [0x00000006c1600000, 0x00000006cc100000, 0x000000076b200000)
  object space 175104K, 0% used [0x00000006c1600000,0x00000006c1618010,0x00000006cc100000)
 Metaspace       used 20572K, capacity 21274K, committed 21296K, reserved 1067008K
  class space    used 2764K, capacity 2933K, committed 2944K, reserved 1048576K

